<?xml version="1.0" encoding="utf-8"?>
<test-run id="0" testcasecount="4" total="4" passed="4" failed="0" inconclusive="0" skipped="0" asserts="31" result="Passed" portable-engine-version="3.3.0.0" start-time="2017-03-15 19:33:19Z" end-time="2017-03-15 19:33:20Z" duration="0.171573">
  <test-run id="0" testcasecount="4" total="4" passed="4" failed="0" inconclusive="0" skipped="0" asserts="31" result="Passed" portable-engine-version="3.3.0.0" start-time="2017-03-15 19:33:20Z" end-time="2017-03-15 19:33:20Z" duration="0.094136">
    <test-suite type="Assembly" id="1005" name="Test, Version=1.0.0.0, Culture=neutral, PublicKeyToken=null" fullname="Test, Version=1.0.0.0, Culture=neutral, PublicKeyToken=null" runstate="Runnable" testcasecount="4" result="Passed" start-time="2017-03-15 19:33:20Z" end-time="2017-03-15 19:33:20Z" duration="0.073965" total="4" passed="4" failed="0" inconclusive="0" skipped="0" asserts="31">
      <settings>
        <setting name="WorkDirectory" value="C:\tmp\DateIncrementor\Test\Test" />
      </settings>
      <test-suite type="TestSuite" id="1006" name="Test" fullname="Test" runstate="Runnable" testcasecount="4" result="Passed" start-time="2017-03-15 19:33:20Z" end-time="2017-03-15 19:33:20Z" duration="0.067393" total="4" passed="4" failed="0" inconclusive="0" skipped="0" asserts="31">
        <test-suite type="TestFixture" id="1000" name="Tests" fullname="Test.Tests" classname="Test.Tests" runstate="Runnable" testcasecount="4" result="Passed" start-time="2017-03-15 19:33:20Z" end-time="2017-03-15 19:33:20Z" duration="0.062748" total="4" passed="4" failed="0" inconclusive="0" skipped="0" asserts="31">
          <test-case id="1002" name="Monthly" fullname="Test.Tests.Monthly" methodname="Monthly" classname="Test.Tests" runstate="Runnable" seed="1622689790" result="Passed" start-time="2017-03-15 19:33:20Z" end-time="2017-03-15 19:33:20Z" duration="0.022988" asserts="11" />
          <test-case id="1004" name="Monthly_Day_Exceeds_30" fullname="Test.Tests.Monthly_Day_Exceeds_30" methodname="Monthly_Day_Exceeds_30" classname="Test.Tests" runstate="Runnable" seed="1608688680" result="Passed" start-time="2017-03-15 19:33:20Z" end-time="2017-03-15 19:33:20Z" duration="0.001192" asserts="4" />
          <test-case id="1001" name="Weekly" fullname="Test.Tests.Weekly" methodname="Weekly" classname="Test.Tests" runstate="Runnable" seed="2140226458" result="Passed" start-time="2017-03-15 19:33:20Z" end-time="2017-03-15 19:33:20Z" duration="0.001232" asserts="5" />
          <test-case id="1003" name="Yearly" fullname="Test.Tests.Yearly" methodname="Yearly" classname="Test.Tests" runstate="Runnable" seed="858523244" result="Passed" start-time="2017-03-15 19:33:20Z" end-time="2017-03-15 19:33:20Z" duration="0.000654" asserts="11" />
        </test-suite>
      </test-suite>
    </test-suite>
  </test-run>
</test-run>