<?xml version="1.0" encoding="utf-8"?>
<test-run id="0" testcasecount="5" total="5" passed="5" failed="0" inconclusive="0" skipped="0" asserts="35" result="Passed" portable-engine-version="3.3.0.0" start-time="2017-03-15 19:39:24Z" end-time="2017-03-15 19:39:24Z" duration="0.179760">
  <test-run id="0" testcasecount="5" total="5" passed="5" failed="0" inconclusive="0" skipped="0" asserts="35" result="Passed" portable-engine-version="3.3.0.0" start-time="2017-03-15 19:39:24Z" end-time="2017-03-15 19:39:24Z" duration="0.096141">
    <test-suite type="Assembly" id="1006" name="Test, Version=1.0.0.0, Culture=neutral, PublicKeyToken=null" fullname="Test, Version=1.0.0.0, Culture=neutral, PublicKeyToken=null" runstate="Runnable" testcasecount="5" result="Passed" start-time="2017-03-15 19:39:24Z" end-time="2017-03-15 19:39:24Z" duration="0.074959" total="5" passed="5" failed="0" inconclusive="0" skipped="0" asserts="35">
      <settings>
        <setting name="WorkDirectory" value="C:\tmp\DateIncrementor\Test\Test" />
      </settings>
      <test-suite type="TestSuite" id="1007" name="Test" fullname="Test" runstate="Runnable" testcasecount="5" result="Passed" start-time="2017-03-15 19:39:24Z" end-time="2017-03-15 19:39:24Z" duration="0.068108" total="5" passed="5" failed="0" inconclusive="0" skipped="0" asserts="35">
        <test-suite type="TestFixture" id="1000" name="Tests" fullname="Test.Tests" classname="Test.Tests" runstate="Runnable" testcasecount="5" result="Passed" start-time="2017-03-15 19:39:24Z" end-time="2017-03-15 19:39:24Z" duration="0.065289" total="5" passed="5" failed="0" inconclusive="0" skipped="0" asserts="35">
          <test-case id="1002" name="Monthly" fullname="Test.Tests.Monthly" methodname="Monthly" classname="Test.Tests" runstate="Runnable" seed="1184606185" result="Passed" start-time="2017-03-15 19:39:24Z" end-time="2017-03-15 19:39:24Z" duration="0.023202" asserts="11" />
          <test-case id="1004" name="Monthly_Day_Exceeds_30" fullname="Test.Tests.Monthly_Day_Exceeds_30" methodname="Monthly_Day_Exceeds_30" classname="Test.Tests" runstate="Runnable" seed="717574344" result="Passed" start-time="2017-03-15 19:39:24Z" end-time="2017-03-15 19:39:24Z" duration="0.001226" asserts="4" />
          <test-case id="1005" name="Monthly_Day_FebruaryExceeds28" fullname="Test.Tests.Monthly_Day_FebruaryExceeds28" methodname="Monthly_Day_FebruaryExceeds28" classname="Test.Tests" runstate="Runnable" seed="963136783" result="Passed" start-time="2017-03-15 19:39:24Z" end-time="2017-03-15 19:39:24Z" duration="0.000401" asserts="4" />
          <test-case id="1001" name="Weekly" fullname="Test.Tests.Weekly" methodname="Weekly" classname="Test.Tests" runstate="Runnable" seed="50230346" result="Passed" start-time="2017-03-15 19:39:24Z" end-time="2017-03-15 19:39:24Z" duration="0.001204" asserts="5" />
          <test-case id="1003" name="Yearly" fullname="Test.Tests.Yearly" methodname="Yearly" classname="Test.Tests" runstate="Runnable" seed="1910983688" result="Passed" start-time="2017-03-15 19:39:24Z" end-time="2017-03-15 19:39:24Z" duration="0.000632" asserts="11" />
        </test-suite>
      </test-suite>
    </test-suite>
  </test-run>
</test-run>