<?xml version="1.0" encoding="utf-8"?>
<test-run id="0" testcasecount="6" total="6" passed="6" failed="0" inconclusive="0" skipped="0" asserts="39" result="Passed" portable-engine-version="3.3.0.0" start-time="2017-03-15 19:43:17Z" end-time="2017-03-15 19:43:17Z" duration="0.180762">
  <test-run id="0" testcasecount="6" total="6" passed="6" failed="0" inconclusive="0" skipped="0" asserts="39" result="Passed" portable-engine-version="3.3.0.0" start-time="2017-03-15 19:43:17Z" end-time="2017-03-15 19:43:17Z" duration="0.098643">
    <test-suite type="Assembly" id="1007" name="Test, Version=1.0.0.0, Culture=neutral, PublicKeyToken=null" fullname="Test, Version=1.0.0.0, Culture=neutral, PublicKeyToken=null" runstate="Runnable" testcasecount="6" result="Passed" start-time="2017-03-15 19:43:17Z" end-time="2017-03-15 19:43:17Z" duration="0.078240" total="6" passed="6" failed="0" inconclusive="0" skipped="0" asserts="39">
      <settings>
        <setting name="WorkDirectory" value="C:\tmp\DateIncrementor\Test\Test" />
      </settings>
      <test-suite type="TestSuite" id="1008" name="Test" fullname="Test" runstate="Runnable" testcasecount="6" result="Passed" start-time="2017-03-15 19:43:17Z" end-time="2017-03-15 19:43:17Z" duration="0.069871" total="6" passed="6" failed="0" inconclusive="0" skipped="0" asserts="39">
        <test-suite type="TestFixture" id="1000" name="Tests" fullname="Test.Tests" classname="Test.Tests" runstate="Runnable" testcasecount="6" result="Passed" start-time="2017-03-15 19:43:17Z" end-time="2017-03-15 19:43:17Z" duration="0.067048" total="6" passed="6" failed="0" inconclusive="0" skipped="0" asserts="39">
          <test-case id="1002" name="Monthly" fullname="Test.Tests.Monthly" methodname="Monthly" classname="Test.Tests" runstate="Runnable" seed="1459480818" result="Passed" start-time="2017-03-15 19:43:17Z" end-time="2017-03-15 19:43:17Z" duration="0.023489" asserts="11" />
          <test-case id="1004" name="Monthly_Day_Exceeds_30" fullname="Test.Tests.Monthly_Day_Exceeds_30" methodname="Monthly_Day_Exceeds_30" classname="Test.Tests" runstate="Runnable" seed="1872480558" result="Passed" start-time="2017-03-15 19:43:17Z" end-time="2017-03-15 19:43:17Z" duration="0.001241" asserts="4" />
          <test-case id="1005" name="Monthly_Day_FebruaryExceeds28" fullname="Test.Tests.Monthly_Day_FebruaryExceeds28" methodname="Monthly_Day_FebruaryExceeds28" classname="Test.Tests" runstate="Runnable" seed="2130796850" result="Passed" start-time="2017-03-15 19:43:17Z" end-time="2017-03-15 19:43:17Z" duration="0.000390" asserts="4" />
          <test-case id="1006" name="Monthly_LastDayOfMonth" fullname="Test.Tests.Monthly_LastDayOfMonth" methodname="Monthly_LastDayOfMonth" classname="Test.Tests" runstate="Runnable" seed="1845830660" result="Passed" start-time="2017-03-15 19:43:17Z" end-time="2017-03-15 19:43:17Z" duration="0.000543" asserts="4" />
          <test-case id="1001" name="Weekly" fullname="Test.Tests.Weekly" methodname="Weekly" classname="Test.Tests" runstate="Runnable" seed="8499825" result="Passed" start-time="2017-03-15 19:43:17Z" end-time="2017-03-15 19:43:17Z" duration="0.001229" asserts="5" />
          <test-case id="1003" name="Yearly" fullname="Test.Tests.Yearly" methodname="Yearly" classname="Test.Tests" runstate="Runnable" seed="1160510843" result="Passed" start-time="2017-03-15 19:43:17Z" end-time="2017-03-15 19:43:17Z" duration="0.000719" asserts="11" />
        </test-suite>
      </test-suite>
    </test-suite>
  </test-run>
</test-run>